[2026-05-24 11:56:08,085] INFO - Loading pre-processed data...
[2026-05-24 11:56:11,103] INFO - Data loaded — 4800 movies in index.
[2026-05-24 12:16:54,927] INFO - Loading pre-processed data...
[2026-05-24 12:16:57,853] INFO - Data loaded — 4800 movies in index.
[2026-05-24 12:20:25,393] INFO - Loading pre-processed data...
[2026-05-24 12:20:29,621] INFO - Data loaded — 4800 movies in index.
[2026-05-24 12:22:38,617] INFO - Loading pre-processed data...
[2026-05-24 12:22:48,585] INFO - Data loaded — 4800 movies in index.
[2026-05-24 12:26:09,291] INFO - Served 5 recommendations for 'Don Jon'.
[2026-05-24 12:26:33,663] INFO - Served 5 recommendations for 'Avengers: Age of Ultron'.
[2026-05-24 14:03:12,333] INFO - Loading pre-processed data...
[2026-05-24 14:03:13,188] INFO - Data loaded — 4800 movies in index.
[2026-05-24 14:08:08,007] INFO - Served 5 recommendations for 'The Shawshank Redemption'.
[2026-05-24 14:08:08,961] INFO - Served 5 recommendations for 'The Shawshank Redemption'.
[2026-05-24 14:08:21,539] INFO - Served 10 recommendations for 'The Shawshank Redemption'.
[2026-05-24 14:10:47,812] INFO - Served 8 recommendations for 'Batman'.
[2026-05-24 14:11:21,851] INFO - Served 8 recommendations for 'Batman'.
[2026-05-24 14:11:23,818] INFO - Served 5 recommendations for 'Batman'.
[2026-05-24 14:11:27,896] INFO - Served 5 recommendations for 'Batman'.
[2026-05-24 14:11:29,595] INFO - Served 10 recommendations for 'Batman'.
[2026-05-24 14:11:43,157] INFO - Served 10 recommendations for 'Titanic'.
[2026-05-24 14:12:17,063] INFO - Served 10 recommendations for 'Batman'.
