[2026-05-24 11:47:44,214] INFO - Loading dataset from movies.csv …
[2026-05-24 11:47:44,219] CRITICAL - Cannot load dataset: [Errno 2] No such file or directory: 'movies.csv'
[2026-05-24 11:48:27,298] INFO - Loading dataset from movies.csv …
[2026-05-24 11:48:28,491] INFO - Loaded 4803 rows, columns: ['index', 'budget', 'genres', 'homepage', 'id', 'keywords', 'original_language', 'original_title', 'overview', 'popularity', 'production_companies', 'production_countries', 'release_date', 'revenue', 'runtime', 'spoken_languages', 'status', 'tagline', 'title', 'vote_average', 'vote_count', 'cast', 'crew', 'director']
[2026-05-24 11:48:28,541] INFO - After dropping nulls: 4800 rows.
[2026-05-24 11:48:28,542] INFO - Building combined feature text …
[2026-05-24 11:53:32,560] INFO - Loading dataset from movies.csv …
[2026-05-24 11:53:33,740] INFO - Loaded 4803 rows, columns: ['index', 'budget', 'genres', 'homepage', 'id', 'keywords', 'original_language', 'original_title', 'overview', 'popularity', 'production_companies', 'production_countries', 'release_date', 'revenue', 'runtime', 'spoken_languages', 'status', 'tagline', 'title', 'vote_average', 'vote_count', 'cast', 'crew', 'director']
[2026-05-24 11:53:33,756] INFO - After dropping nulls: 4800 rows.
[2026-05-24 11:53:33,757] INFO - Building combined feature text …
[2026-05-24 11:55:14,535] INFO - Loading dataset from movies.csv …
[2026-05-24 11:55:15,715] INFO - Loaded 4803 rows, columns: ['index', 'budget', 'genres', 'homepage', 'id', 'keywords', 'original_language', 'original_title', 'overview', 'popularity', 'production_companies', 'production_countries', 'release_date', 'revenue', 'runtime', 'spoken_languages', 'status', 'tagline', 'title', 'vote_average', 'vote_count', 'cast', 'crew', 'director']
[2026-05-24 11:55:15,731] INFO - After dropping nulls: 4800 rows.
[2026-05-24 11:55:15,732] INFO - Building combined feature text …
[2026-05-24 11:55:15,979] INFO - Cleaning text (lemmatisation) — this may take a minute …
[2026-05-24 11:55:32,515] INFO - Text cleaning done.
[2026-05-24 11:55:32,516] INFO - Fitting TF-IDF (max_features=10000, bigrams) …
[2026-05-24 11:55:34,959] INFO - TF-IDF matrix shape: (4800, 10000)
[2026-05-24 11:55:34,960] INFO - Computing cosine similarity for 4800 movies (chunk=2000) …
[2026-05-24 11:55:35,774] INFO -   Chunk 0–1999 done.
[2026-05-24 11:55:36,627] INFO -   Chunk 2000–3999 done.
[2026-05-24 11:55:36,969] INFO -   Chunk 4000–4799 done.
[2026-05-24 11:55:36,970] INFO - Cosine similarity matrix shape: (4800, 4800)
[2026-05-24 11:55:36,972] INFO - Saving artefacts …
[2026-05-24 11:55:38,175] INFO - All artefacts saved. Preprocessing complete.
